dexy - INFO - starting logging for dexy
dexy - INFO - using config file 'dexy.yaml'
dexy - INFO - (state:running) 9a0364b9e99bb480dd25e1f0284c8555 bundle:content: running...
dexy - INFO - (state:running) f90d1878560d5992a6de43f667492743 pattern:*.md|yamlargs|jinja|pandoc|h: running...
dexy - INFO - (state:running) 32bb636196f91ed59d7a49190e26b42c bundle:assets: running...
dexy - INFO - (state:running) 1fefe51ec05ae4f6b1b9a4a5328c4573 pattern:*.css: running...
dexy - INFO - (state:running) b82d5486a9b46ab3c87d8bcdf1ecbc4e doc:css/print.min.css: running...
dexy - INFO - (state:running) a74db87591967a5a07b7840719b47842 doc:css/screen.min.css: running...
dexy - INFO - (state:running) 749cdf36a57632437894056cfae5aeff doc:css/jdibrief.min.css: running...
dexy - INFO - (state:running) c880456c3ed15b7517f4752cff022f07 doc:css/daylab.min.css: running...
dexy - INFO - (state:running) 369e860c8e08a882d12fee6c0368b931 doc:css/designlang.min.css: running...
dexy - INFO - (state:running) a8622e6aaff246a843bc6029298befe2 doc:css/venue.min.css: running...
dexy - INFO - (state:running) 84347edea820f2531df9a060a75988bb doc:css/ie.min.css: running...
dexy - INFO - (state:running) 2a09ac62d6e8f9b77f92ca2e2b242f7e doc:css/yoursite.css: running...
dexy - INFO - (state:running) e83389bdd4d92df8e9bc65c5a3682c4f pattern:*.js: running...
dexy - INFO - (state:running) 7a49f4cda7f29c966af67b4b93107f6e doc:js/lib/all-site.min.js: running...
dexy - INFO - (state:running) 24ca580dc27fb29795c3f83f6daec0b5 doc:js/src/respond.js: running...
dexy - INFO - (state:running) c723c8b8354b16b6a6a8965125726be7 doc:js/src/fastclick.js: running...
dexy - INFO - (state:running) 54916d921b70fad9a1d6080df09ee94c doc:js/lib/respond.min.js: running...
dexy - INFO - (state:running) 77ab163850ef0fa98d6a9ee9fb6bbcaf doc:js/main.js: running...
dexy - INFO - (state:running) d52c8e754c1dced2f46d7416ed13b9f0 doc:js/lib/underscore-1.min.js: running...
dexy - INFO - (state:running) 94420e3a646969f9e41b424e5da49ef4 doc:js/lib/backbone-1.1.2.min.js: running...
dexy - INFO - (state:running) e26d816b4c64fcbe1b2f140c2ee38b58 doc:js/src/underscore-1.6.0.js: running...
dexy - INFO - (state:running) 262398dbae71151ce30e6becf834b4dc doc:js/src/all-site.js: running...
dexy - INFO - (state:running) 49d2d0adf94bd0cf0e3b72afbb9e5248 doc:js/lib/require.min.js: running...
dexy - INFO - (state:running) aba5aa2c190c37d212a5d62a8232e2f9 doc:js/src/modernizr.js: running...
dexy - INFO - (state:running) 2f82adeb389a47aadf34bc39d7882230 doc:js/lib/backbone-1.min.js: running...
dexy - INFO - (state:running) 9d7934d99094df69d3088724f1856c10 doc:js/lib/fastclick.min.js: running...
dexy - INFO - (state:running) 90473fe0b23c6631ff6a438d007689b6 doc:js/src/gridset-overlay.js: running...
dexy - INFO - (state:running) 9dfa60e403a0d8eb6fd9027fd4a124b4 doc:js/src/require.js: running...
dexy - INFO - (state:running) 28d40452abd5627c1558fd3a965b7993 doc:js/lib/modernizr.min.js: running...
dexy - INFO - (state:running) c0187d9834df2d048f6a10dff92469f5 doc:js/lib/jquery-2.1.1.min.js: running...
dexy - INFO - (state:running) a08fe50c883d5e1c1feaa4a36fd6b020 doc:js/app/general.js: running...
dexy - INFO - (state:running) ca6bc7b76e47818335b69aeac715d1cc doc:js/src/respond.proxy.js: running...
dexy - INFO - (state:running) a11d859acccb0994faf28f6e29bc247d doc:js/lib/modernizr-custom.js: running...
dexy - INFO - (state:running) c5fe39f6c54016c075df23b38a6d305a doc:js/src/backbone-1.1.2.js: running...
dexy - INFO - (state:running) 02d252b80a839299e6fc26af8f57cad2 doc:js/lib/gridset-overlay.min.js: running...
dexy - INFO - (state:running) 47ecd1de1b1a0023d779aaf6ca60827e doc:js/lib/jquery-1.7.1.min.js: running...
dexy - INFO - (state:running) d23f887a6e87d0a2876a973681b158f1 doc:js/ResponsiveSlides.js: running...
dexy - INFO - (state:running) a48364c9ba5b2c25656ece470e16a9ad doc:js/src/jquery-2.1.1.js: running...
dexy - INFO - (state:running) 84f7b4d2c8ae83e4f7f033e2d15a9b19 doc:js/src/html5shiv-printshiv.js: running...
dexy - INFO - (state:running) 074acccb654df1de0515adb3a30b90a4 doc:js/src/all-site/googleAnalytics.js: running...
dexy - INFO - (state:running) e6ac1dd8ec85885c740bfd33c4742e28 doc:js/src/all-site/gridset-overlay.js: running...
dexy - INFO - (state:running) 8c60822d30d5c6284b6e434bd281c872 doc:js/lib/respond.proxy.min.js: running...
dexy - INFO - (state:running) 1a640d643bb08b3e965074252e8db317 doc:js/lib/underscore-1.6.0.min.js: running...
dexy - INFO - (state:running) 5b0b9962215148cedff8e618df355249 doc:js/lib/html5shiv-printshiv.min.js: running...
dexy - INFO - (state:running) 1646ba4501d4f8a7b19002f77ead20a1 doc:js/src/all-site/ucl.js: running...
dexy - INFO - (state:running) fc36854b6867c1581ab159b09dd7e2f4 pattern:*.png: running...
dexy - INFO - (state:running) 5361926db686002c20d6ca36360aa7c2 doc:images/mob-nav.png: running...
dexy - INFO - (state:running) e072238cfa33540369d62b4c46897bca doc:images/close.png: running...
dexy - INFO - (state:running) 84c62ebeebc5a66bf9ae5170f98a183c doc:favicon-152.png: running...
dexy - INFO - (state:running) 52e890938525b00b27f330423509b608 doc:favicon-144.png: running...
dexy - INFO - (state:running) d56f1601fccc60ddd36df24f5f35274e doc:images/ucl-logo.png: running...
dexy - INFO - (state:running) 7d0c3147f0cb9c666f016708e9fafc6a pattern:*.gif: running...
dexy - INFO - (state:running) 824c3d72d5ca77a1147be1a37b50b152 doc:images/respond.proxy.gif: running...
dexy - INFO - (state:running) 7c7e1c8a37f92fe281bf7e2d4674688a pattern:*.svg: running...
dexy - INFO - (state:running) 117c344e09d4956c128bedb0042f9b6a doc:images/ucl-logo.svg: running...
dexy - INFO - (state:running) ba967b4154d84066fb2b143c597ce9c0 pattern:*.jpg: running...
dexy - INFO - (state:running) b60536b4d72927aa98497daba1349fd4 doc:images/ucl-portico.jpg: running...
dexy - INFO - (state:running) 17f3dd20408bd3b4ba5e9f44861c4b1e doc:images/cells.jpg: running...
dexy - INFO - (state:running) 06ce04d73f9bc9d7eba5b9698997106b pattern:*.ico: running...
dexy - INFO - (state:running) 8af3a74ede48e250ceb935c026242483 doc:favicon.ico: running...
dexy - INFO - (state:running) 157ffbd2160ce5903b1e076621b6e204 doc:images/favicon.ico: running...
dexy - INFO - (state:running) e339c0b9e5ac522556560005c9e8adbe pattern:*.scss: running...
dexy - INFO - (state:running) ab9021596d51a63c2f3ee10e8950192e doc:sass/print.scss: running...
dexy - INFO - (state:running) 8f29bf1462510d2fea429785ee154e88 doc:sass/partials/_typography.scss: running...
dexy - INFO - (state:running) 11cfab197bf1951e24aff44b8d0e5260 doc:sass/partials/_reset.scss: running...
dexy - INFO - (state:running) fa21e5d2f621c112aecae8745f1b6589 doc:sass/partials/_layout.scss: running...
dexy - INFO - (state:running) 398b1ddf052d748dfb30d507ac4b1828 doc:sass/ie.scss: running...
dexy - INFO - (state:running) 5d346a500ae0e8d04acb31cd30a186e5 doc:sass/partials/_gridset.scss: running...
dexy - INFO - (state:running) bc206a60b39b273f60ba72dc83e9f25f doc:sass/mixins/_media-query.scss: running...
dexy - INFO - (state:running) 98696aa73faa753adab490aea8837a7d doc:sass/partials/_blog.scss: running...
dexy - INFO - (state:running) 52118a27cb68cad70e9288692845789f doc:sass/partials/_forms.scss: running...
dexy - INFO - (state:running) 74cf06609e61cff6e7cdc68e9e3877b8 doc:sass/partials/_carousel.scss: running...
dexy - INFO - (state:running) ad17025e9cae3817e95afaf14850939b doc:sass/partials/_globalmasthead.scss: running...
dexy - INFO - (state:running) d9635047e4db8437fc061335ccfb144f doc:sass/jdibrief.scss: running...
dexy - INFO - (state:running) cd6b12aa976ef19fc30fce90394326a4 doc:sass/partials/_search.scss: running...
dexy - INFO - (state:running) 395c6c5153c57a5279e48255670ff83b doc:sass/venue.scss: running...
dexy - INFO - (state:running) 602a754e6e92a8ee8e6fbfd5f2868ece doc:sass/partials/_elements.scss: running...
dexy - INFO - (state:running) cd7337a3bb0094b8ae9e1a2ba0bb7473 doc:sass/screen.scss: running...
dexy - INFO - (state:running) a08e985798f01d085cbf290c75fd14d2 doc:sass/designlang.scss: running...
dexy - INFO - (state:running) 8177491c41b31a4273865ec64d74cd67 doc:sass/daylab.scss: running...
dexy - INFO - (state:running) 80015c6b943058bdc08363e77a9e7a98 doc:sass/partials/_colors.scss: running...
dexy - INFO - (state:running) ce0fc7d33801e3bb4f1d5e8a7b5552b5 doc:subfolder/index.md|yamlargs|jinja|pandoc|h: running...
dexy - INFO - (state:running) 475d59cfe941211e1c3dcb17c3b74b97 doc:index.md|yamlargs|jinja|pandoc|h: running...
dexy - INFO - (state:running) a05a0b991a71d8cff324f023e867da5a doc:_README.md|yamlargs|jinja|pandoc|h: running...
dexy - INFO - starting logging for dexy
dexy - INFO - using config file 'dexy.yaml'
dexy - INFO - (state:running) 9a0364b9e99bb480dd25e1f0284c8555 bundle:content: using cache for self and any children
dexy - INFO - starting logging for dexy
dexy - INFO - using config file 'dexy.yaml'
dexy - INFO - (state:running) 9a0364b9e99bb480dd25e1f0284c8555 bundle:content: using cache for self and any children
dexy - INFO - starting logging for dexy
dexy - INFO - using config file 'dexy.yaml'
dexy - INFO - (state:running) 9a0364b9e99bb480dd25e1f0284c8555 bundle:content: running...
dexy - INFO - (state:running) f90d1878560d5992a6de43f667492743 pattern:*.md|yamlargs|jinja|pandoc|h: running...
dexy - INFO - (state:running) 32bb636196f91ed59d7a49190e26b42c bundle:assets: using cache for self and any children
dexy - INFO - (state:running) ce0fc7d33801e3bb4f1d5e8a7b5552b5 doc:subfolder/index.md|yamlargs|jinja|pandoc|h: running...
dexy - INFO - (state:running) 475d59cfe941211e1c3dcb17c3b74b97 doc:index.md|yamlargs|jinja|pandoc|h: running...
dexy - INFO - (state:running) a05a0b991a71d8cff324f023e867da5a doc:_README.md|yamlargs|jinja|pandoc|h: using cache for self and any children
dexy - INFO - starting logging for dexy
dexy - INFO - using config file 'dexy.yaml'
dexy - INFO - (state:running) 9a0364b9e99bb480dd25e1f0284c8555 bundle:content: using cache for self and any children
